[ 2015-07-15T20:33:01+08:00 ] ::1 /turingca/
INFO: [ app_init ] --START--
INFO: Run Behavior\BuildLiteBehavior [ RunTime:0.000026s ]
INFO: [ app_init ] --END-- [ RunTime:0.000466s ]
INFO: [ app_begin ] --START--
INFO: Run Behavior\ReadHtmlCacheBehavior [ RunTime:0.000483s ]
INFO: [ app_begin ] --END-- [ RunTime:0.000581s ]
SQL: SHOW COLUMNS FROM `tca_user` [ RunTime:0.0098s ]
SQL: SELECT `id`,`lock` FROM `tca_user` WHERE `account` = 'admin' LIMIT 1   [ RunTime:0.0002s ]
NOTIC: [2] Missing argument 1 for replace_weibo(), called in D:\wamp\www\turingca\Application\Home\Controller\IndexController.class.php on line 7 and defined D:\wamp\www\turingca\Application\Home\Common\function.php 第 62 行.

[ 2015-07-15T20:34:01+08:00 ] ::1 /turingca/index.php/Home/User/1/uname/%E6%88%BF%E6%95%AC%E8%B6%85
INFO: [ app_init ] --START--
INFO: Run Behavior\BuildLiteBehavior [ RunTime:0.000031s ]
INFO: [ app_init ] --END-- [ RunTime:0.000461s ]
INFO: [ app_begin ] --START--
INFO: Run Behavior\ReadHtmlCacheBehavior [ RunTime:0.000492s ]
INFO: [ app_begin ] --END-- [ RunTime:0.000607s ]

[ 2015-07-15T20:34:13+08:00 ] ::1 /turingca/
INFO: [ app_init ] --START--
INFO: Run Behavior\BuildLiteBehavior [ RunTime:0.000024s ]
INFO: [ app_init ] --END-- [ RunTime:0.000388s ]
INFO: [ app_begin ] --START--
INFO: Run Behavior\ReadHtmlCacheBehavior [ RunTime:0.000441s ]
INFO: [ app_begin ] --END-- [ RunTime:0.000555s ]
NOTIC: [2] Missing argument 1 for replace_weibo(), called in D:\wamp\www\turingca\Application\Home\Controller\IndexController.class.php on line 7 and defined D:\wamp\www\turingca\Application\Home\Common\function.php 第 62 行.

[ 2015-07-15T20:34:14+08:00 ] ::1 /turingca/index.php/Home/User/1/uname/%E4%BD%A0%E4%BD%A0
INFO: [ app_init ] --START--
INFO: Run Behavior\BuildLiteBehavior [ RunTime:0.000045s ]
INFO: [ app_init ] --END-- [ RunTime:0.000538s ]
INFO: [ app_begin ] --START--
INFO: Run Behavior\ReadHtmlCacheBehavior [ RunTime:0.000439s ]
INFO: [ app_begin ] --END-- [ RunTime:0.000535s ]

[ 2015-07-15T20:34:16+08:00 ] ::1 /turingca/
INFO: [ app_init ] --START--
INFO: Run Behavior\BuildLiteBehavior [ RunTime:0.000023s ]
INFO: [ app_init ] --END-- [ RunTime:0.000402s ]
INFO: [ app_begin ] --START--
INFO: Run Behavior\ReadHtmlCacheBehavior [ RunTime:0.000401s ]
INFO: [ app_begin ] --END-- [ RunTime:0.000507s ]
NOTIC: [2] Missing argument 1 for replace_weibo(), called in D:\wamp\www\turingca\Application\Home\Controller\IndexController.class.php on line 7 and defined D:\wamp\www\turingca\Application\Home\Common\function.php 第 62 行.

[ 2015-07-15T20:34:36+08:00 ] ::1 /turingca/
INFO: [ app_init ] --START--
INFO: Run Behavior\BuildLiteBehavior [ RunTime:0.000041s ]
INFO: [ app_init ] --END-- [ RunTime:0.000618s ]
INFO: [ app_begin ] --START--
INFO: Run Behavior\ReadHtmlCacheBehavior [ RunTime:0.000751s ]
INFO: [ app_begin ] --END-- [ RunTime:0.000939s ]
NOTIC: [2] Missing argument 1 for replace_weibo(), called in D:\wamp\www\turingca\Application\Home\Controller\IndexController.class.php on line 7 and defined D:\wamp\www\turingca\Application\Home\Common\function.php 第 62 行.

[ 2015-07-15T20:34:37+08:00 ] ::1 /turingca/index.php/Home/User/1/uname/%E4%BD%A0%E4%BD%A0
INFO: [ app_init ] --START--
INFO: Run Behavior\BuildLiteBehavior [ RunTime:0.000025s ]
INFO: [ app_init ] --END-- [ RunTime:0.000396s ]
INFO: [ app_begin ] --START--
INFO: Run Behavior\ReadHtmlCacheBehavior [ RunTime:0.000399s ]
INFO: [ app_begin ] --END-- [ RunTime:0.000510s ]

[ 2015-07-15T20:34:40+08:00 ] ::1 /turingca/
INFO: [ app_init ] --START--
INFO: Run Behavior\BuildLiteBehavior [ RunTime:0.000026s ]
INFO: [ app_init ] --END-- [ RunTime:0.000466s ]
INFO: [ app_begin ] --START--
INFO: Run Behavior\ReadHtmlCacheBehavior [ RunTime:0.000417s ]
INFO: [ app_begin ] --END-- [ RunTime:0.000531s ]
NOTIC: [2] Missing argument 1 for replace_weibo(), called in D:\wamp\www\turingca\Application\Home\Controller\IndexController.class.php on line 7 and defined D:\wamp\www\turingca\Application\Home\Common\function.php 第 62 行.

[ 2015-07-15T20:34:41+08:00 ] ::1 /turingca/index.php/Home/User/1/uname/%E6%88%BF%E6%95%AC%E8%B6%85
INFO: [ app_init ] --START--
INFO: Run Behavior\BuildLiteBehavior [ RunTime:0.000026s ]
INFO: [ app_init ] --END-- [ RunTime:0.000420s ]
INFO: [ app_begin ] --START--
INFO: Run Behavior\ReadHtmlCacheBehavior [ RunTime:0.000404s ]
INFO: [ app_begin ] --END-- [ RunTime:0.000515s ]

[ 2015-07-15T20:35:01+08:00 ] ::1 /turingca/index.php/Home/User/1/uname/%E6%88%BF%E6%95%AC%E8%B6%85
INFO: [ app_init ] --START--
INFO: Run Behavior\BuildLiteBehavior [ RunTime:0.000060s ]
INFO: [ app_init ] --END-- [ RunTime:0.000905s ]
INFO: [ app_begin ] --START--
INFO: Run Behavior\ReadHtmlCacheBehavior [ RunTime:0.000991s ]
INFO: [ app_begin ] --END-- [ RunTime:0.001290s ]

[ 2015-07-15T20:35:02+08:00 ] ::1 /turingca/
INFO: [ app_init ] --START--
INFO: Run Behavior\BuildLiteBehavior [ RunTime:0.000025s ]
INFO: [ app_init ] --END-- [ RunTime:0.000408s ]
INFO: [ app_begin ] --START--
INFO: Run Behavior\ReadHtmlCacheBehavior [ RunTime:0.000459s ]
INFO: [ app_begin ] --END-- [ RunTime:0.000569s ]
NOTIC: [2] Missing argument 1 for replace_weibo(), called in D:\wamp\www\turingca\Application\Home\Controller\IndexController.class.php on line 7 and defined D:\wamp\www\turingca\Application\Home\Common\function.php 第 62 行.

[ 2015-07-15T20:35:04+08:00 ] ::1 /turingca/index.php/Home/User/uname/%E6%88%BF%E6%95%AC%E8%B6%85
INFO: [ app_init ] --START--
INFO: Run Behavior\BuildLiteBehavior [ RunTime:0.000025s ]
INFO: [ app_init ] --END-- [ RunTime:0.000393s ]
INFO: [ app_begin ] --START--
INFO: Run Behavior\ReadHtmlCacheBehavior [ RunTime:0.000442s ]
INFO: [ app_begin ] --END-- [ RunTime:0.000554s ]

[ 2015-07-15T20:35:08+08:00 ] ::1 /turingca/
INFO: [ app_init ] --START--
INFO: Run Behavior\BuildLiteBehavior [ RunTime:0.000026s ]
INFO: [ app_init ] --END-- [ RunTime:0.000381s ]
INFO: [ app_begin ] --START--
INFO: Run Behavior\ReadHtmlCacheBehavior [ RunTime:0.000387s ]
INFO: [ app_begin ] --END-- [ RunTime:0.000499s ]
NOTIC: [2] Missing argument 1 for replace_weibo(), called in D:\wamp\www\turingca\Application\Home\Controller\IndexController.class.php on line 7 and defined D:\wamp\www\turingca\Application\Home\Common\function.php 第 62 行.

[ 2015-07-15T20:35:23+08:00 ] ::1 /turingca/
INFO: [ app_init ] --START--
INFO: Run Behavior\BuildLiteBehavior [ RunTime:0.000065s ]
INFO: [ app_init ] --END-- [ RunTime:0.000918s ]
INFO: [ app_begin ] --START--
INFO: Run Behavior\ReadHtmlCacheBehavior [ RunTime:0.000956s ]
INFO: [ app_begin ] --END-- [ RunTime:0.001230s ]
NOTIC: [2] Missing argument 1 for replace_weibo(), called in D:\wamp\www\turingca\Application\Home\Controller\IndexController.class.php on line 7 and defined D:\wamp\www\turingca\Application\Home\Common\function.php 第 62 行.

[ 2015-07-15T20:35:24+08:00 ] ::1 /turingca/index.php/Home/User/user/uname/%E6%88%BF%E6%95%AC%E8%B6%85
INFO: [ app_init ] --START--
INFO: Run Behavior\BuildLiteBehavior [ RunTime:0.000026s ]
INFO: [ app_init ] --END-- [ RunTime:0.000397s ]
INFO: [ app_begin ] --START--
INFO: Run Behavior\ReadHtmlCacheBehavior [ RunTime:0.000411s ]
INFO: [ app_begin ] --END-- [ RunTime:0.000520s ]

[ 2015-07-15T20:35:55+08:00 ] ::1 /turingca/index.php/Home/User/user/uname/%E6%88%BF%E6%95%AC%E8%B6%85
INFO: [ app_init ] --START--
INFO: Run Behavior\BuildLiteBehavior [ RunTime:0.000036s ]
INFO: [ app_init ] --END-- [ RunTime:0.000623s ]
INFO: [ app_begin ] --START--
INFO: Run Behavior\ReadHtmlCacheBehavior [ RunTime:0.000656s ]
INFO: [ app_begin ] --END-- [ RunTime:0.000833s ]

[ 2015-07-15T20:35:56+08:00 ] ::1 /turingca/
INFO: [ app_init ] --START--
INFO: Run Behavior\BuildLiteBehavior [ RunTime:0.000023s ]
INFO: [ app_init ] --END-- [ RunTime:0.000417s ]
INFO: [ app_begin ] --START--
INFO: Run Behavior\ReadHtmlCacheBehavior [ RunTime:0.000439s ]
INFO: [ app_begin ] --END-- [ RunTime:0.000545s ]
NOTIC: [2] Missing argument 1 for replace_weibo(), called in D:\wamp\www\turingca\Application\Home\Controller\IndexController.class.php on line 7 and defined D:\wamp\www\turingca\Application\Home\Common\function.php 第 62 行.

[ 2015-07-15T20:35:57+08:00 ] ::1 /turingca/
INFO: [ app_init ] --START--
INFO: Run Behavior\BuildLiteBehavior [ RunTime:0.000047s ]
INFO: [ app_init ] --END-- [ RunTime:0.000703s ]
INFO: [ app_begin ] --START--
INFO: Run Behavior\ReadHtmlCacheBehavior [ RunTime:0.000762s ]
INFO: [ app_begin ] --END-- [ RunTime:0.000965s ]
NOTIC: [2] Missing argument 1 for replace_weibo(), called in D:\wamp\www\turingca\Application\Home\Controller\IndexController.class.php on line 7 and defined D:\wamp\www\turingca\Application\Home\Common\function.php 第 62 行.

[ 2015-07-15T20:35:58+08:00 ] ::1 /turingca/index.php/Home/User/uname/%E6%88%BF%E6%95%AC%E8%B6%85
INFO: [ app_init ] --START--
INFO: Run Behavior\BuildLiteBehavior [ RunTime:0.000030s ]
INFO: [ app_init ] --END-- [ RunTime:0.000409s ]
INFO: [ app_begin ] --START--
INFO: Run Behavior\ReadHtmlCacheBehavior [ RunTime:0.000484s ]
INFO: [ app_begin ] --END-- [ RunTime:0.000598s ]

[ 2015-07-15T20:36:27+08:00 ] ::1 /turingca/index.php/Home/User/uname/%E6%88%BF%E6%95%AC%E8%B6%85
INFO: [ app_init ] --START--
INFO: Run Behavior\BuildLiteBehavior [ RunTime:0.000044s ]
INFO: [ app_init ] --END-- [ RunTime:0.000656s ]
INFO: [ app_begin ] --START--
INFO: Run Behavior\ReadHtmlCacheBehavior [ RunTime:0.000738s ]
INFO: [ app_begin ] --END-- [ RunTime:0.000959s ]

[ 2015-07-15T20:36:28+08:00 ] ::1 /turingca/
INFO: [ app_init ] --START--
INFO: Run Behavior\BuildLiteBehavior [ RunTime:0.000023s ]
INFO: [ app_init ] --END-- [ RunTime:0.000345s ]
INFO: [ app_begin ] --START--
INFO: Run Behavior\ReadHtmlCacheBehavior [ RunTime:0.000348s ]
INFO: [ app_begin ] --END-- [ RunTime:0.000450s ]
NOTIC: [2] Missing argument 1 for replace_weibo(), called in D:\wamp\www\turingca\Application\Home\Controller\IndexController.class.php on line 7 and defined D:\wamp\www\turingca\Application\Home\Common\function.php 第 62 行.

[ 2015-07-15T20:36:29+08:00 ] ::1 /turingca/index.php/Home/User/uname/%E6%88%BF%E6%95%AC%E8%B6%85
INFO: [ app_init ] --START--
INFO: Run Behavior\BuildLiteBehavior [ RunTime:0.000026s ]
INFO: [ app_init ] --END-- [ RunTime:0.000403s ]
INFO: [ app_begin ] --START--
INFO: Run Behavior\ReadHtmlCacheBehavior [ RunTime:0.000464s ]
INFO: [ app_begin ] --END-- [ RunTime:0.000581s ]

[ 2015-07-15T20:36:40+08:00 ] ::1 /turingca/index.php/Home/User/uname/%E6%88%BF%E6%95%AC%E8%B6%85
INFO: [ app_init ] --START--
INFO: Run Behavior\BuildLiteBehavior [ RunTime:0.000036s ]
INFO: [ app_init ] --END-- [ RunTime:0.000664s ]
INFO: [ app_begin ] --START--
INFO: Run Behavior\ReadHtmlCacheBehavior [ RunTime:0.000795s ]
INFO: [ app_begin ] --END-- [ RunTime:0.000985s ]

[ 2015-07-15T20:36:40+08:00 ] ::1 /turingca/index.php/Home/User/uname/%E6%88%BF%E6%95%AC%E8%B6%85
INFO: [ app_init ] --START--
INFO: Run Behavior\BuildLiteBehavior [ RunTime:0.000042s ]
INFO: [ app_init ] --END-- [ RunTime:0.000744s ]
INFO: [ app_begin ] --START--
INFO: Run Behavior\ReadHtmlCacheBehavior [ RunTime:0.000767s ]
INFO: [ app_begin ] --END-- [ RunTime:0.000979s ]

[ 2015-07-15T20:36:41+08:00 ] ::1 /turingca/index.php/Home/User/uname/%E6%88%BF%E6%95%AC%E8%B6%85
INFO: [ app_init ] --START--
INFO: Run Behavior\BuildLiteBehavior [ RunTime:0.000022s ]
INFO: [ app_init ] --END-- [ RunTime:0.000389s ]
INFO: [ app_begin ] --START--
INFO: Run Behavior\ReadHtmlCacheBehavior [ RunTime:0.000391s ]
INFO: [ app_begin ] --END-- [ RunTime:0.000495s ]

[ 2015-07-15T20:37:13+08:00 ] ::1 /turingca/index.php/Home/User/uname/%E6%88%BF%E6%95%AC%E8%B6%85
INFO: [ app_init ] --START--
INFO: Run Behavior\BuildLiteBehavior [ RunTime:0.000040s ]
INFO: [ app_init ] --END-- [ RunTime:0.000663s ]
INFO: [ app_begin ] --START--
INFO: Run Behavior\ReadHtmlCacheBehavior [ RunTime:0.000924s ]
INFO: [ app_begin ] --END-- [ RunTime:0.001134s ]

[ 2015-07-15T20:37:14+08:00 ] ::1 /turingca/index.php/Home/User/uname/%E6%88%BF%E6%95%AC%E8%B6%85
INFO: [ app_init ] --START--
INFO: Run Behavior\BuildLiteBehavior [ RunTime:0.000059s ]
INFO: [ app_init ] --END-- [ RunTime:0.001005s ]
INFO: [ app_begin ] --START--
INFO: Run Behavior\ReadHtmlCacheBehavior [ RunTime:0.001005s ]
INFO: [ app_begin ] --END-- [ RunTime:0.001295s ]

[ 2015-07-15T20:37:14+08:00 ] ::1 /turingca/index.php/Home/User/uname/%E6%88%BF%E6%95%AC%E8%B6%85
INFO: [ app_init ] --START--
INFO: Run Behavior\BuildLiteBehavior [ RunTime:0.000040s ]
INFO: [ app_init ] --END-- [ RunTime:0.000685s ]
INFO: [ app_begin ] --START--
INFO: Run Behavior\ReadHtmlCacheBehavior [ RunTime:0.000671s ]
INFO: [ app_begin ] --END-- [ RunTime:0.000858s ]

[ 2015-07-15T20:37:14+08:00 ] ::1 /turingca/index.php/Home/User/uname/%E6%88%BF%E6%95%AC%E8%B6%85
INFO: [ app_init ] --START--
INFO: Run Behavior\BuildLiteBehavior [ RunTime:0.000054s ]
INFO: [ app_init ] --END-- [ RunTime:0.000866s ]
INFO: [ app_begin ] --START--
INFO: Run Behavior\ReadHtmlCacheBehavior [ RunTime:0.000829s ]
INFO: [ app_begin ] --END-- [ RunTime:0.001088s ]

[ 2015-07-15T20:37:15+08:00 ] ::1 /turingca/index.php/Home/User/uname/%E6%88%BF%E6%95%AC%E8%B6%85
INFO: [ app_init ] --START--
INFO: Run Behavior\BuildLiteBehavior [ RunTime:0.000039s ]
INFO: [ app_init ] --END-- [ RunTime:0.000631s ]
INFO: [ app_begin ] --START--
INFO: Run Behavior\ReadHtmlCacheBehavior [ RunTime:0.000693s ]
INFO: [ app_begin ] --END-- [ RunTime:0.000877s ]

[ 2015-07-15T20:37:15+08:00 ] ::1 /turingca/index.php/Home/User/uname/%E6%88%BF%E6%95%AC%E8%B6%85
INFO: [ app_init ] --START--
INFO: Run Behavior\BuildLiteBehavior [ RunTime:0.000025s ]
INFO: [ app_init ] --END-- [ RunTime:0.000466s ]
INFO: [ app_begin ] --START--
INFO: Run Behavior\ReadHtmlCacheBehavior [ RunTime:0.000511s ]
INFO: [ app_begin ] --END-- [ RunTime:0.000627s ]

[ 2015-07-15T20:37:15+08:00 ] ::1 /turingca/index.php/Home/User/uname/%E6%88%BF%E6%95%AC%E8%B6%85
INFO: [ app_init ] --START--
INFO: Run Behavior\BuildLiteBehavior [ RunTime:0.000028s ]
INFO: [ app_init ] --END-- [ RunTime:0.000473s ]
INFO: [ app_begin ] --START--
INFO: Run Behavior\ReadHtmlCacheBehavior [ RunTime:0.000515s ]
INFO: [ app_begin ] --END-- [ RunTime:0.000649s ]

[ 2015-07-15T20:37:15+08:00 ] ::1 /turingca/index.php/Home/User/uname/%E6%88%BF%E6%95%AC%E8%B6%85
INFO: [ app_init ] --START--
INFO: Run Behavior\BuildLiteBehavior [ RunTime:0.000029s ]
INFO: [ app_init ] --END-- [ RunTime:0.000468s ]
INFO: [ app_begin ] --START--
INFO: Run Behavior\ReadHtmlCacheBehavior [ RunTime:0.000414s ]
INFO: [ app_begin ] --END-- [ RunTime:0.000535s ]

[ 2015-07-15T20:37:43+08:00 ] ::1 /turingca/index.php/Home/User/uname/%E6%88%BF%E6%95%AC%E8%B6%85
INFO: [ app_init ] --START--
INFO: Run Behavior\BuildLiteBehavior [ RunTime:0.000037s ]
INFO: [ app_init ] --END-- [ RunTime:0.000617s ]
INFO: [ app_begin ] --START--
INFO: Run Behavior\ReadHtmlCacheBehavior [ RunTime:0.000650s ]
INFO: [ app_begin ] --END-- [ RunTime:0.000845s ]

[ 2015-07-15T20:37:43+08:00 ] ::1 /turingca/index.php/Home/User/uname/%E6%88%BF%E6%95%AC%E8%B6%85
INFO: [ app_init ] --START--
INFO: Run Behavior\BuildLiteBehavior [ RunTime:0.000023s ]
INFO: [ app_init ] --END-- [ RunTime:0.000397s ]
INFO: [ app_begin ] --START--
INFO: Run Behavior\ReadHtmlCacheBehavior [ RunTime:0.000427s ]
INFO: [ app_begin ] --END-- [ RunTime:0.000545s ]

[ 2015-07-15T20:37:44+08:00 ] ::1 /turingca/index.php/Home/User/uname/%E6%88%BF%E6%95%AC%E8%B6%85
INFO: [ app_init ] --START--
INFO: Run Behavior\BuildLiteBehavior [ RunTime:0.000020s ]
INFO: [ app_init ] --END-- [ RunTime:0.000381s ]
INFO: [ app_begin ] --START--
INFO: Run Behavior\ReadHtmlCacheBehavior [ RunTime:0.000382s ]
INFO: [ app_begin ] --END-- [ RunTime:0.000484s ]

[ 2015-07-15T20:37:44+08:00 ] ::1 /turingca/index.php/Home/User/uname/%E6%88%BF%E6%95%AC%E8%B6%85
INFO: [ app_init ] --START--
INFO: Run Behavior\BuildLiteBehavior [ RunTime:0.000045s ]
INFO: [ app_init ] --END-- [ RunTime:0.000818s ]
INFO: [ app_begin ] --START--
INFO: Run Behavior\ReadHtmlCacheBehavior [ RunTime:0.000943s ]
INFO: [ app_begin ] --END-- [ RunTime:0.001183s ]

[ 2015-07-15T20:37:49+08:00 ] ::1 /turingca/index.php/Home/User/uname/%E6%88%BF%E6%95%AC%E8%B6%85
INFO: [ app_init ] --START--
INFO: Run Behavior\BuildLiteBehavior [ RunTime:0.000039s ]
INFO: [ app_init ] --END-- [ RunTime:0.001429s ]
INFO: [ app_begin ] --START--
INFO: Run Behavior\ReadHtmlCacheBehavior [ RunTime:0.000686s ]
INFO: [ app_begin ] --END-- [ RunTime:0.000877s ]

[ 2015-07-15T20:37:49+08:00 ] ::1 /turingca/index.php/Home/User/uname/%E6%88%BF%E6%95%AC%E8%B6%85
INFO: [ app_init ] --START--
INFO: Run Behavior\BuildLiteBehavior [ RunTime:0.000025s ]
INFO: [ app_init ] --END-- [ RunTime:0.000396s ]
INFO: [ app_begin ] --START--
INFO: Run Behavior\ReadHtmlCacheBehavior [ RunTime:0.000413s ]
INFO: [ app_begin ] --END-- [ RunTime:0.000546s ]

[ 2015-07-15T20:37:49+08:00 ] ::1 /turingca/index.php/Home/User/uname/%E6%88%BF%E6%95%AC%E8%B6%85
INFO: [ app_init ] --START--
INFO: Run Behavior\BuildLiteBehavior [ RunTime:0.000023s ]
INFO: [ app_init ] --END-- [ RunTime:0.000555s ]
INFO: [ app_begin ] --START--
INFO: Run Behavior\ReadHtmlCacheBehavior [ RunTime:0.000476s ]
INFO: [ app_begin ] --END-- [ RunTime:0.000594s ]

[ 2015-07-15T20:45:00+08:00 ] ::1 /turingca/index.php/Home/User/uname/%E6%88%BF%E6%95%AC%E8%B6%85
INFO: [ app_init ] --START--
INFO: Run Behavior\BuildLiteBehavior [ RunTime:0.000049s ]
INFO: [ app_init ] --END-- [ RunTime:0.000944s ]
INFO: [ app_begin ] --START--
INFO: Run Behavior\ReadHtmlCacheBehavior [ RunTime:0.001109s ]
INFO: [ app_begin ] --END-- [ RunTime:0.001362s ]
SQL: SHOW COLUMNS FROM `tca_userinfo` [ RunTime:0.0288s ]
SQL: SELECT `uid` FROM `tca_userinfo` WHERE `nickname` = '' LIMIT 1   [ RunTime:0.0003s ]

[ 2015-07-15T20:45:00+08:00 ] ::1 /turingca/index.php/Home/Index/index.html
INFO: [ app_init ] --START--
INFO: Run Behavior\BuildLiteBehavior [ RunTime:0.000022s ]
INFO: [ app_init ] --END-- [ RunTime:0.000375s ]
INFO: [ app_begin ] --START--
INFO: Run Behavior\ReadHtmlCacheBehavior [ RunTime:0.000382s ]
INFO: [ app_begin ] --END-- [ RunTime:0.000483s ]
NOTIC: [2] Missing argument 1 for replace_weibo(), called in D:\wamp\www\turingca\Application\Home\Controller\IndexController.class.php on line 7 and defined D:\wamp\www\turingca\Application\Home\Common\function.php 第 62 行.

[ 2015-07-15T20:45:02+08:00 ] ::1 /turingca/index.php/Home/User/%E6%88%BF%E6%95%AC%E8%B6%85
INFO: [ app_init ] --START--
INFO: Run Behavior\BuildLiteBehavior [ RunTime:0.000032s ]
INFO: [ app_init ] --END-- [ RunTime:0.000413s ]
INFO: [ app_begin ] --START--
INFO: Run Behavior\ReadHtmlCacheBehavior [ RunTime:0.000449s ]
INFO: [ app_begin ] --END-- [ RunTime:0.000564s ]
SQL: SHOW COLUMNS FROM `tca_userinfo` [ RunTime:0.0067s ]
SQL: SELECT `uid` FROM `tca_userinfo` WHERE `nickname` = '' LIMIT 1   [ RunTime:0.0002s ]

[ 2015-07-15T20:45:02+08:00 ] ::1 /turingca/index.php/Home/Index/index.html
INFO: [ app_init ] --START--
INFO: Run Behavior\BuildLiteBehavior [ RunTime:0.000022s ]
INFO: [ app_init ] --END-- [ RunTime:0.000444s ]
INFO: [ app_begin ] --START--
INFO: Run Behavior\ReadHtmlCacheBehavior [ RunTime:0.000426s ]
INFO: [ app_begin ] --END-- [ RunTime:0.000536s ]
NOTIC: [2] Missing argument 1 for replace_weibo(), called in D:\wamp\www\turingca\Application\Home\Controller\IndexController.class.php on line 7 and defined D:\wamp\www\turingca\Application\Home\Common\function.php 第 62 行.

[ 2015-07-15T20:45:03+08:00 ] ::1 /turingca/index.php/Home/User/%E6%88%BF%E6%95%AC%E8%B6%85
INFO: [ app_init ] --START--
INFO: Run Behavior\BuildLiteBehavior [ RunTime:0.000025s ]
INFO: [ app_init ] --END-- [ RunTime:0.000421s ]
INFO: [ app_begin ] --START--
INFO: Run Behavior\ReadHtmlCacheBehavior [ RunTime:0.000472s ]
INFO: [ app_begin ] --END-- [ RunTime:0.000584s ]
SQL: SHOW COLUMNS FROM `tca_userinfo` [ RunTime:0.0066s ]
SQL: SELECT `uid` FROM `tca_userinfo` WHERE `nickname` = '' LIMIT 1   [ RunTime:0.0002s ]

[ 2015-07-15T20:45:03+08:00 ] ::1 /turingca/index.php/Home/Index/index.html
INFO: [ app_init ] --START--
INFO: Run Behavior\BuildLiteBehavior [ RunTime:0.000021s ]
INFO: [ app_init ] --END-- [ RunTime:0.000352s ]
INFO: [ app_begin ] --START--
INFO: Run Behavior\ReadHtmlCacheBehavior [ RunTime:0.000413s ]
INFO: [ app_begin ] --END-- [ RunTime:0.000520s ]
NOTIC: [2] Missing argument 1 for replace_weibo(), called in D:\wamp\www\turingca\Application\Home\Controller\IndexController.class.php on line 7 and defined D:\wamp\www\turingca\Application\Home\Common\function.php 第 62 行.

[ 2015-07-15T20:45:04+08:00 ] ::1 /turingca/index.php/Home/User/%E4%BD%A0%E4%BD%A0
INFO: [ app_init ] --START--
INFO: Run Behavior\BuildLiteBehavior [ RunTime:0.000023s ]
INFO: [ app_init ] --END-- [ RunTime:0.000389s ]
INFO: [ app_begin ] --START--
INFO: Run Behavior\ReadHtmlCacheBehavior [ RunTime:0.000465s ]
INFO: [ app_begin ] --END-- [ RunTime:0.000582s ]
SQL: SHOW COLUMNS FROM `tca_userinfo` [ RunTime:0.0071s ]
SQL: SELECT `uid` FROM `tca_userinfo` WHERE `nickname` = '' LIMIT 1   [ RunTime:0.0003s ]

[ 2015-07-15T20:45:04+08:00 ] ::1 /turingca/index.php/Home/Index/index.html
INFO: [ app_init ] --START--
INFO: Run Behavior\BuildLiteBehavior [ RunTime:0.000022s ]
INFO: [ app_init ] --END-- [ RunTime:0.000463s ]
INFO: [ app_begin ] --START--
INFO: Run Behavior\ReadHtmlCacheBehavior [ RunTime:0.000502s ]
INFO: [ app_begin ] --END-- [ RunTime:0.000600s ]
NOTIC: [2] Missing argument 1 for replace_weibo(), called in D:\wamp\www\turingca\Application\Home\Controller\IndexController.class.php on line 7 and defined D:\wamp\www\turingca\Application\Home\Common\function.php 第 62 行.

[ 2015-07-15T20:45:07+08:00 ] ::1 /turingca/index.php/Home/User/%E6%88%BF%E6%95%AC%E8%B6%85
INFO: [ app_init ] --START--
INFO: Run Behavior\BuildLiteBehavior [ RunTime:0.000027s ]
INFO: [ app_init ] --END-- [ RunTime:0.000426s ]
INFO: [ app_begin ] --START--
INFO: Run Behavior\ReadHtmlCacheBehavior [ RunTime:0.000422s ]
INFO: [ app_begin ] --END-- [ RunTime:0.000533s ]
SQL: SHOW COLUMNS FROM `tca_userinfo` [ RunTime:0.0071s ]
SQL: SELECT `uid` FROM `tca_userinfo` WHERE `nickname` = '' LIMIT 1   [ RunTime:0.0003s ]

[ 2015-07-15T20:45:07+08:00 ] ::1 /turingca/index.php/Home/Index/index.html
INFO: [ app_init ] --START--
INFO: Run Behavior\BuildLiteBehavior [ RunTime:0.000022s ]
INFO: [ app_init ] --END-- [ RunTime:0.000434s ]
INFO: [ app_begin ] --START--
INFO: Run Behavior\ReadHtmlCacheBehavior [ RunTime:0.000427s ]
INFO: [ app_begin ] --END-- [ RunTime:0.000525s ]
NOTIC: [2] Missing argument 1 for replace_weibo(), called in D:\wamp\www\turingca\Application\Home\Controller\IndexController.class.php on line 7 and defined D:\wamp\www\turingca\Application\Home\Common\function.php 第 62 行.

[ 2015-07-15T20:45:08+08:00 ] ::1 /turingca/index.php/Home/User/%E4%BD%A0%E4%BD%A0
INFO: [ app_init ] --START--
INFO: Run Behavior\BuildLiteBehavior [ RunTime:0.000027s ]
INFO: [ app_init ] --END-- [ RunTime:0.000423s ]
INFO: [ app_begin ] --START--
INFO: Run Behavior\ReadHtmlCacheBehavior [ RunTime:0.000431s ]
INFO: [ app_begin ] --END-- [ RunTime:0.000543s ]
SQL: SHOW COLUMNS FROM `tca_userinfo` [ RunTime:0.0156s ]
SQL: SELECT `uid` FROM `tca_userinfo` WHERE `nickname` = '' LIMIT 1   [ RunTime:0.0003s ]

[ 2015-07-15T20:45:08+08:00 ] ::1 /turingca/index.php/Home/Index/index.html
INFO: [ app_init ] --START--
INFO: Run Behavior\BuildLiteBehavior [ RunTime:0.000022s ]
INFO: [ app_init ] --END-- [ RunTime:0.000467s ]
INFO: [ app_begin ] --START--
INFO: Run Behavior\ReadHtmlCacheBehavior [ RunTime:0.000419s ]
INFO: [ app_begin ] --END-- [ RunTime:0.000525s ]
NOTIC: [2] Missing argument 1 for replace_weibo(), called in D:\wamp\www\turingca\Application\Home\Controller\IndexController.class.php on line 7 and defined D:\wamp\www\turingca\Application\Home\Common\function.php 第 62 行.

[ 2015-07-15T20:45:38+08:00 ] ::1 /turingca/index.php/Home/Index/index.html
INFO: [ app_init ] --START--
INFO: Run Behavior\BuildLiteBehavior [ RunTime:0.000038s ]
INFO: [ app_init ] --END-- [ RunTime:0.000665s ]
INFO: [ app_begin ] --START--
INFO: Run Behavior\ReadHtmlCacheBehavior [ RunTime:0.000627s ]
INFO: [ app_begin ] --END-- [ RunTime:0.000815s ]
NOTIC: [2] Missing argument 1 for replace_weibo(), called in D:\wamp\www\turingca\Application\Home\Controller\IndexController.class.php on line 7 and defined D:\wamp\www\turingca\Application\Home\Common\function.php 第 62 行.

[ 2015-07-15T20:46:27+08:00 ] ::1 /turingca/index.php/Home/Index/index.html
INFO: [ app_init ] --START--
INFO: Run Behavior\BuildLiteBehavior [ RunTime:0.000038s ]
INFO: [ app_init ] --END-- [ RunTime:0.000639s ]
INFO: [ app_begin ] --START--
INFO: Run Behavior\ReadHtmlCacheBehavior [ RunTime:0.000856s ]
INFO: [ app_begin ] --END-- [ RunTime:0.001049s ]
NOTIC: [2] Missing argument 1 for replace_weibo(), called in D:\wamp\www\turingca\Application\Home\Controller\IndexController.class.php on line 7 and defined D:\wamp\www\turingca\Application\Home\Common\function.php 第 62 行.

[ 2015-07-15T20:46:33+08:00 ] ::1 /turingca/index.php/Home/Index/index.html
INFO: [ app_init ] --START--
INFO: Run Behavior\BuildLiteBehavior [ RunTime:0.000054s ]
INFO: [ app_init ] --END-- [ RunTime:0.000938s ]
INFO: [ app_begin ] --START--
INFO: Run Behavior\ReadHtmlCacheBehavior [ RunTime:0.001063s ]
INFO: [ app_begin ] --END-- [ RunTime:0.001338s ]
NOTIC: [2] Missing argument 1 for replace_weibo(), called in D:\wamp\www\turingca\Application\Home\Controller\IndexController.class.php on line 7 and defined D:\wamp\www\turingca\Application\Home\Common\function.php 第 62 行.

[ 2015-07-15T20:46:36+08:00 ] ::1 /turingca/index.php/Home/User/%E6%88%BF%E5%AE%81
INFO: [ app_init ] --START--
INFO: Run Behavior\BuildLiteBehavior [ RunTime:0.000024s ]
INFO: [ app_init ] --END-- [ RunTime:0.000407s ]
INFO: [ app_begin ] --START--
INFO: Run Behavior\ReadHtmlCacheBehavior [ RunTime:0.000399s ]
INFO: [ app_begin ] --END-- [ RunTime:0.000506s ]
SQL: SHOW COLUMNS FROM `tca_userinfo` [ RunTime:0.0064s ]
SQL: SELECT `uid` FROM `tca_userinfo` WHERE `nickname` = '房宁' LIMIT 1   [ RunTime:0.0003s ]

[ 2015-07-15T20:46:36+08:00 ] ::1 /turingca/index.php/Home/User/index/$uid/16.html
INFO: [ app_init ] --START--
INFO: Run Behavior\BuildLiteBehavior [ RunTime:0.000024s ]
INFO: [ app_init ] --END-- [ RunTime:0.000418s ]
INFO: [ app_begin ] --START--
INFO: Run Behavior\ReadHtmlCacheBehavior [ RunTime:0.000422s ]
INFO: [ app_begin ] --END-- [ RunTime:0.000542s ]
INFO: [ app_end ] --START--
INFO: Run Behavior\ShowPageTraceBehavior [ RunTime:0.000556s ]
INFO: [ app_end ] --END-- [ RunTime:0.000663s ]

[ 2015-07-15T20:47:03+08:00 ] ::1 /turingca/index.php/Home/User/index/$uid/16.html
INFO: [ app_init ] --START--
INFO: Run Behavior\BuildLiteBehavior [ RunTime:0.000041s ]
INFO: [ app_init ] --END-- [ RunTime:0.000851s ]
INFO: [ app_begin ] --START--
INFO: Run Behavior\ReadHtmlCacheBehavior [ RunTime:0.000988s ]
INFO: [ app_begin ] --END-- [ RunTime:0.001201s ]
INFO: [ app_end ] --START--
INFO: Run Behavior\ShowPageTraceBehavior [ RunTime:0.000819s ]
INFO: [ app_end ] --END-- [ RunTime:0.001019s ]

[ 2015-07-15T20:47:03+08:00 ] ::1 /turingca/index.php/Home/User/index/$uid/16.html
INFO: [ app_init ] --START--
INFO: Run Behavior\BuildLiteBehavior [ RunTime:0.000054s ]
INFO: [ app_init ] --END-- [ RunTime:0.000955s ]
INFO: [ app_begin ] --START--
INFO: Run Behavior\ReadHtmlCacheBehavior [ RunTime:0.001052s ]
INFO: [ app_begin ] --END-- [ RunTime:0.001368s ]
INFO: [ app_end ] --START--
INFO: Run Behavior\ShowPageTraceBehavior [ RunTime:0.001063s ]
INFO: [ app_end ] --END-- [ RunTime:0.001323s ]

[ 2015-07-15T20:47:05+08:00 ] ::1 /turingca/index.php/Home/Index/index.html
INFO: [ app_init ] --START--
INFO: Run Behavior\BuildLiteBehavior [ RunTime:0.000023s ]
INFO: [ app_init ] --END-- [ RunTime:0.000430s ]
INFO: [ app_begin ] --START--
INFO: Run Behavior\ReadHtmlCacheBehavior [ RunTime:0.000459s ]
INFO: [ app_begin ] --END-- [ RunTime:0.000619s ]
NOTIC: [2] Missing argument 1 for replace_weibo(), called in D:\wamp\www\turingca\Application\Home\Controller\IndexController.class.php on line 7 and defined D:\wamp\www\turingca\Application\Home\Common\function.php 第 62 行.

[ 2015-07-15T20:47:06+08:00 ] ::1 /turingca/index.php/Home/User/%E6%88%BF%E5%AE%81
INFO: [ app_init ] --START--
INFO: Run Behavior\BuildLiteBehavior [ RunTime:0.000024s ]
INFO: [ app_init ] --END-- [ RunTime:0.000412s ]
INFO: [ app_begin ] --START--
INFO: Run Behavior\ReadHtmlCacheBehavior [ RunTime:0.000473s ]
INFO: [ app_begin ] --END-- [ RunTime:0.000580s ]

[ 2015-07-15T20:47:13+08:00 ] ::1 /turingca/index.php/Home/Index/index.html
INFO: [ app_init ] --START--
INFO: Run Behavior\BuildLiteBehavior [ RunTime:0.000023s ]
INFO: [ app_init ] --END-- [ RunTime:0.000406s ]
INFO: [ app_begin ] --START--
INFO: Run Behavior\ReadHtmlCacheBehavior [ RunTime:0.000428s ]
INFO: [ app_begin ] --END-- [ RunTime:0.000537s ]
NOTIC: [2] Missing argument 1 for replace_weibo(), called in D:\wamp\www\turingca\Application\Home\Controller\IndexController.class.php on line 7 and defined D:\wamp\www\turingca\Application\Home\Common\function.php 第 62 行.

[ 2015-07-15T20:47:14+08:00 ] ::1 /turingca/index.php/Home/User/%E4%BD%A0%E4%BD%A0
INFO: [ app_init ] --START--
INFO: Run Behavior\BuildLiteBehavior [ RunTime:0.000024s ]
INFO: [ app_init ] --END-- [ RunTime:0.000412s ]
INFO: [ app_begin ] --START--
INFO: Run Behavior\ReadHtmlCacheBehavior [ RunTime:0.000415s ]
INFO: [ app_begin ] --END-- [ RunTime:0.000520s ]

[ 2015-07-15T20:47:15+08:00 ] ::1 /turingca/index.php/Home/Index/index.html
INFO: [ app_init ] --START--
INFO: Run Behavior\BuildLiteBehavior [ RunTime:0.000023s ]
INFO: [ app_init ] --END-- [ RunTime:0.000399s ]
INFO: [ app_begin ] --START--
INFO: Run Behavior\ReadHtmlCacheBehavior [ RunTime:0.000466s ]
INFO: [ app_begin ] --END-- [ RunTime:0.000570s ]
NOTIC: [2] Missing argument 1 for replace_weibo(), called in D:\wamp\www\turingca\Application\Home\Controller\IndexController.class.php on line 7 and defined D:\wamp\www\turingca\Application\Home\Common\function.php 第 62 行.

[ 2015-07-15T20:47:33+08:00 ] ::1 /turingca/index.php/Home/Index/index.html
INFO: [ app_init ] --START--
INFO: Run Behavior\BuildLiteBehavior [ RunTime:0.000050s ]
INFO: [ app_init ] --END-- [ RunTime:0.001003s ]
INFO: [ app_begin ] --START--
INFO: Run Behavior\ReadHtmlCacheBehavior [ RunTime:0.000869s ]
INFO: [ app_begin ] --END-- [ RunTime:0.001114s ]
NOTIC: [2] Missing argument 1 for replace_weibo(), called in D:\wamp\www\turingca\Application\Home\Controller\IndexController.class.php on line 7 and defined D:\wamp\www\turingca\Application\Home\Common\function.php 第 62 行.

[ 2015-07-15T20:47:39+08:00 ] ::1 /turingca/index.php/Home/Index/index.html
INFO: [ app_init ] --START--
INFO: Run Behavior\BuildLiteBehavior [ RunTime:0.000042s ]
INFO: [ app_init ] --END-- [ RunTime:0.000736s ]
INFO: [ app_begin ] --START--
INFO: Run Behavior\ReadHtmlCacheBehavior [ RunTime:0.000781s ]
INFO: [ app_begin ] --END-- [ RunTime:0.000989s ]
NOTIC: [2] Missing argument 1 for replace_weibo(), called in D:\wamp\www\turingca\Application\Home\Controller\IndexController.class.php on line 7 and defined D:\wamp\www\turingca\Application\Home\Common\function.php 第 62 行.

[ 2015-07-15T20:47:40+08:00 ] ::1 /turingca/index.php/Home/User/%E6%88%BF%E5%AE%81
INFO: [ app_init ] --START--
INFO: Run Behavior\BuildLiteBehavior [ RunTime:0.000024s ]
INFO: [ app_init ] --END-- [ RunTime:0.000378s ]
INFO: [ app_begin ] --START--
INFO: Run Behavior\ReadHtmlCacheBehavior [ RunTime:0.000435s ]
INFO: [ app_begin ] --END-- [ RunTime:0.000545s ]
SQL: SHOW COLUMNS FROM `tca_userinfo` [ RunTime:0.0075s ]
SQL: SELECT `uid` FROM `tca_userinfo` WHERE `nickname` = '房宁' LIMIT 1   [ RunTime:0.0003s ]

[ 2015-07-15T20:47:40+08:00 ] ::1 /turingca/index.php/Home/User/index/$uid/16.html
INFO: [ app_init ] --START--
INFO: Run Behavior\BuildLiteBehavior [ RunTime:0.000023s ]
INFO: [ app_init ] --END-- [ RunTime:0.000402s ]
INFO: [ app_begin ] --START--
INFO: Run Behavior\ReadHtmlCacheBehavior [ RunTime:0.000407s ]
INFO: [ app_begin ] --END-- [ RunTime:0.000503s ]
INFO: [ app_end ] --START--
INFO: Run Behavior\ShowPageTraceBehavior [ RunTime:0.000615s ]
INFO: [ app_end ] --END-- [ RunTime:0.000716s ]

[ 2015-07-15T20:47:50+08:00 ] ::1 /turingca/index.php/Home/User/index/$uid/16.html
INFO: [ app_init ] --START--
INFO: Run Behavior\BuildLiteBehavior [ RunTime:0.000046s ]
INFO: [ app_init ] --END-- [ RunTime:0.000877s ]
INFO: [ app_begin ] --START--
INFO: Run Behavior\ReadHtmlCacheBehavior [ RunTime:0.000381s ]
INFO: [ app_begin ] --END-- [ RunTime:0.000483s ]
INFO: [ app_end ] --START--
INFO: Run Behavior\ShowPageTraceBehavior [ RunTime:0.000414s ]
INFO: [ app_end ] --END-- [ RunTime:0.000516s ]

[ 2015-07-15T20:47:50+08:00 ] ::1 /turingca/index.php/Home/User/index/$uid/16.html
INFO: [ app_init ] --START--
INFO: Run Behavior\BuildLiteBehavior [ RunTime:0.000047s ]
INFO: [ app_init ] --END-- [ RunTime:0.000828s ]
INFO: [ app_begin ] --START--
INFO: Run Behavior\ReadHtmlCacheBehavior [ RunTime:0.000857s ]
INFO: [ app_begin ] --END-- [ RunTime:0.001082s ]
INFO: [ app_end ] --START--
INFO: Run Behavior\ShowPageTraceBehavior [ RunTime:0.000907s ]
INFO: [ app_end ] --END-- [ RunTime:0.001125s ]

[ 2015-07-15T20:47:51+08:00 ] ::1 /turingca/index.php/Home/Index/index.html
INFO: [ app_init ] --START--
INFO: Run Behavior\BuildLiteBehavior [ RunTime:0.000024s ]
INFO: [ app_init ] --END-- [ RunTime:0.000452s ]
INFO: [ app_begin ] --START--
INFO: Run Behavior\ReadHtmlCacheBehavior [ RunTime:0.000531s ]
INFO: [ app_begin ] --END-- [ RunTime:0.000635s ]
NOTIC: [2] Missing argument 1 for replace_weibo(), called in D:\wamp\www\turingca\Application\Home\Controller\IndexController.class.php on line 7 and defined D:\wamp\www\turingca\Application\Home\Common\function.php 第 62 行.

[ 2015-07-15T20:47:51+08:00 ] ::1 /turingca/index.php/Home/Index/index.html
INFO: [ app_init ] --START--
INFO: Run Behavior\BuildLiteBehavior [ RunTime:0.000039s ]
INFO: [ app_init ] --END-- [ RunTime:0.000740s ]
INFO: [ app_begin ] --START--
INFO: Run Behavior\ReadHtmlCacheBehavior [ RunTime:0.000768s ]
INFO: [ app_begin ] --END-- [ RunTime:0.000962s ]
NOTIC: [2] Missing argument 1 for replace_weibo(), called in D:\wamp\www\turingca\Application\Home\Controller\IndexController.class.php on line 7 and defined D:\wamp\www\turingca\Application\Home\Common\function.php 第 62 行.

[ 2015-07-15T20:47:51+08:00 ] ::1 /turingca/index.php/Home/Index/index.html
INFO: [ app_init ] --START--
INFO: Run Behavior\BuildLiteBehavior [ RunTime:0.000021s ]
INFO: [ app_init ] --END-- [ RunTime:0.000408s ]
INFO: [ app_begin ] --START--
INFO: Run Behavior\ReadHtmlCacheBehavior [ RunTime:0.000463s ]
INFO: [ app_begin ] --END-- [ RunTime:0.000623s ]
NOTIC: [2] Missing argument 1 for replace_weibo(), called in D:\wamp\www\turingca\Application\Home\Controller\IndexController.class.php on line 7 and defined D:\wamp\www\turingca\Application\Home\Common\function.php 第 62 行.

[ 2015-07-15T20:47:51+08:00 ] ::1 /turingca/index.php/Home/Index/index.html
INFO: [ app_init ] --START--
INFO: Run Behavior\BuildLiteBehavior [ RunTime:0.000049s ]
INFO: [ app_init ] --END-- [ RunTime:0.000726s ]
INFO: [ app_begin ] --START--
INFO: Run Behavior\ReadHtmlCacheBehavior [ RunTime:0.000779s ]
INFO: [ app_begin ] --END-- [ RunTime:0.000982s ]
NOTIC: [2] Missing argument 1 for replace_weibo(), called in D:\wamp\www\turingca\Application\Home\Controller\IndexController.class.php on line 7 and defined D:\wamp\www\turingca\Application\Home\Common\function.php 第 62 行.

[ 2015-07-15T20:47:52+08:00 ] ::1 /turingca/index.php/Home/User/%E6%88%BF%E5%AE%81
INFO: [ app_init ] --START--
INFO: Run Behavior\BuildLiteBehavior [ RunTime:0.000022s ]
INFO: [ app_init ] --END-- [ RunTime:0.000426s ]
INFO: [ app_begin ] --START--
INFO: Run Behavior\ReadHtmlCacheBehavior [ RunTime:0.000399s ]
INFO: [ app_begin ] --END-- [ RunTime:0.000506s ]

[ 2015-07-15T20:47:58+08:00 ] ::1 /turingca/index.php/Home/User/%E6%88%BF%E5%AE%81
INFO: [ app_init ] --START--
INFO: Run Behavior\BuildLiteBehavior [ RunTime:0.000023s ]
INFO: [ app_init ] --END-- [ RunTime:0.000385s ]
INFO: [ app_begin ] --START--
INFO: Run Behavior\ReadHtmlCacheBehavior [ RunTime:0.000448s ]
INFO: [ app_begin ] --END-- [ RunTime:0.000554s ]

[ 2015-07-15T20:48:22+08:00 ] ::1 /turingca/index.php/Home/User/%E6%88%BF%E6%95%AC%E8%B6%85
INFO: [ app_init ] --START--
INFO: Run Behavior\BuildLiteBehavior [ RunTime:0.000026s ]
INFO: [ app_init ] --END-- [ RunTime:0.000414s ]
INFO: [ app_begin ] --START--
INFO: Run Behavior\ReadHtmlCacheBehavior [ RunTime:0.000599s ]
INFO: [ app_begin ] --END-- [ RunTime:0.000730s ]
SQL: SHOW COLUMNS FROM `tca_userinfo` [ RunTime:0.0075s ]
SQL: SELECT `uid` FROM `tca_userinfo` WHERE `nickname` = '房敬超' LIMIT 1   [ RunTime:0.0003s ]

[ 2015-07-15T20:48:22+08:00 ] ::1 /turingca/index.php/Home/Index/index.html
INFO: [ app_init ] --START--
INFO: Run Behavior\BuildLiteBehavior [ RunTime:0.000022s ]
INFO: [ app_init ] --END-- [ RunTime:0.000454s ]
INFO: [ app_begin ] --START--
INFO: Run Behavior\ReadHtmlCacheBehavior [ RunTime:0.000435s ]
INFO: [ app_begin ] --END-- [ RunTime:0.000535s ]
NOTIC: [2] Missing argument 1 for replace_weibo(), called in D:\wamp\www\turingca\Application\Home\Controller\IndexController.class.php on line 7 and defined D:\wamp\www\turingca\Application\Home\Common\function.php 第 62 行.

[ 2015-07-15T20:48:33+08:00 ] ::1 /turingca/index.php/Home/User/%E6%88%BF%E6%95%AC%E8%B6%85fkdjfkld%20dfkldjfl
INFO: [ app_init ] --START--
INFO: Run Behavior\BuildLiteBehavior [ RunTime:0.000025s ]
INFO: [ app_init ] --END-- [ RunTime:0.000390s ]
INFO: [ app_begin ] --START--
INFO: Run Behavior\ReadHtmlCacheBehavior [ RunTime:0.000439s ]
INFO: [ app_begin ] --END-- [ RunTime:0.000585s ]
SQL: SHOW COLUMNS FROM `tca_userinfo` [ RunTime:0.0069s ]
SQL: SELECT `uid` FROM `tca_userinfo` WHERE `nickname` = '房敬超fkdjfkld dfkldjfl' LIMIT 1   [ RunTime:0.0003s ]

[ 2015-07-15T20:48:33+08:00 ] ::1 /turingca/index.php/Home/Index/index.html
INFO: [ app_init ] --START--
INFO: Run Behavior\BuildLiteBehavior [ RunTime:0.000022s ]
INFO: [ app_init ] --END-- [ RunTime:0.000501s ]
INFO: [ app_begin ] --START--
INFO: Run Behavior\ReadHtmlCacheBehavior [ RunTime:0.000417s ]
INFO: [ app_begin ] --END-- [ RunTime:0.000518s ]
NOTIC: [2] Missing argument 1 for replace_weibo(), called in D:\wamp\www\turingca\Application\Home\Controller\IndexController.class.php on line 7 and defined D:\wamp\www\turingca\Application\Home\Common\function.php 第 62 行.

[ 2015-07-15T20:49:02+08:00 ] ::1 /turingca/index.php/Home/User/jdklfjdl
INFO: [ app_init ] --START--
INFO: Run Behavior\BuildLiteBehavior [ RunTime:0.000026s ]
INFO: [ app_init ] --END-- [ RunTime:0.000458s ]
INFO: [ app_begin ] --START--
INFO: Run Behavior\ReadHtmlCacheBehavior [ RunTime:0.000509s ]
INFO: [ app_begin ] --END-- [ RunTime:0.000617s ]
SQL: SHOW COLUMNS FROM `tca_userinfo` [ RunTime:0.0070s ]
SQL: SELECT `uid` FROM `tca_userinfo` WHERE `nickname` = 'jdklfjdl' LIMIT 1   [ RunTime:0.0003s ]

[ 2015-07-15T20:49:02+08:00 ] ::1 /turingca/index.php/Home/Index/index.html
INFO: [ app_init ] --START--
INFO: Run Behavior\BuildLiteBehavior [ RunTime:0.000022s ]
INFO: [ app_init ] --END-- [ RunTime:0.000421s ]
INFO: [ app_begin ] --START--
INFO: Run Behavior\ReadHtmlCacheBehavior [ RunTime:0.000444s ]
INFO: [ app_begin ] --END-- [ RunTime:0.000546s ]
NOTIC: [2] Missing argument 1 for replace_weibo(), called in D:\wamp\www\turingca\Application\Home\Controller\IndexController.class.php on line 7 and defined D:\wamp\www\turingca\Application\Home\Common\function.php 第 62 行.

[ 2015-07-15T20:50:12+08:00 ] ::1 /turingca/index.php/Home/User/%E6%88%BF%E5%AE%81
INFO: [ app_init ] --START--
INFO: Run Behavior\BuildLiteBehavior [ RunTime:0.000023s ]
INFO: [ app_init ] --END-- [ RunTime:0.000425s ]
INFO: [ app_begin ] --START--
INFO: Run Behavior\ReadHtmlCacheBehavior [ RunTime:0.000501s ]
INFO: [ app_begin ] --END-- [ RunTime:0.000617s ]
SQL: SHOW COLUMNS FROM `tca_userinfo` [ RunTime:0.0195s ]
SQL: SELECT `uid` FROM `tca_userinfo` WHERE `nickname` = '房宁' LIMIT 1   [ RunTime:0.0003s ]

[ 2015-07-15T20:50:12+08:00 ] ::1 /turingca/index.php/Home/User/index/$uid/16.html
INFO: [ app_init ] --START--
INFO: Run Behavior\BuildLiteBehavior [ RunTime:0.000023s ]
INFO: [ app_init ] --END-- [ RunTime:0.000415s ]
INFO: [ app_begin ] --START--
INFO: Run Behavior\ReadHtmlCacheBehavior [ RunTime:0.000430s ]
INFO: [ app_begin ] --END-- [ RunTime:0.000557s ]
INFO: [ app_end ] --START--
INFO: Run Behavior\ShowPageTraceBehavior [ RunTime:0.000464s ]
INFO: [ app_end ] --END-- [ RunTime:0.000567s ]

[ 2015-07-15T20:53:46+08:00 ] ::1 /turingca/index.php/
INFO: [ app_init ] --START--
INFO: Run Behavior\BuildLiteBehavior [ RunTime:0.000025s ]
INFO: [ app_init ] --END-- [ RunTime:0.000452s ]
INFO: [ app_begin ] --START--
INFO: Run Behavior\ReadHtmlCacheBehavior [ RunTime:0.000546s ]
INFO: [ app_begin ] --END-- [ RunTime:0.000669s ]
NOTIC: [2] Missing argument 1 for replace_weibo(), called in D:\wamp\www\turingca\Application\Home\Controller\IndexController.class.php on line 7 and defined D:\wamp\www\turingca\Application\Home\Common\function.php 第 62 行.

[ 2015-07-15T20:53:49+08:00 ] ::1 /turingca/index.php
INFO: [ app_init ] --START--
INFO: Run Behavior\BuildLiteBehavior [ RunTime:0.000034s ]
INFO: [ app_init ] --END-- [ RunTime:0.000518s ]
INFO: [ app_begin ] --START--
INFO: Run Behavior\ReadHtmlCacheBehavior [ RunTime:0.000425s ]
INFO: [ app_begin ] --END-- [ RunTime:0.000533s ]
NOTIC: [2] Missing argument 1 for replace_weibo(), called in D:\wamp\www\turingca\Application\Home\Controller\IndexController.class.php on line 7 and defined D:\wamp\www\turingca\Application\Home\Common\function.php 第 62 行.

[ 2015-07-15T20:53:57+08:00 ] ::1 /turingca/index.php/Home/User/%E6%88%BF%E5%AE%81
INFO: [ app_init ] --START--
INFO: Run Behavior\BuildLiteBehavior [ RunTime:0.000025s ]
INFO: [ app_init ] --END-- [ RunTime:0.000410s ]
INFO: [ app_begin ] --START--
INFO: Run Behavior\ReadHtmlCacheBehavior [ RunTime:0.000406s ]
INFO: [ app_begin ] --END-- [ RunTime:0.000509s ]
SQL: SHOW COLUMNS FROM `tca_userinfo` [ RunTime:0.0073s ]
SQL: SELECT `uid` FROM `tca_userinfo` WHERE `nickname` = '房宁' LIMIT 1   [ RunTime:0.0003s ]

[ 2015-07-15T20:53:57+08:00 ] ::1 /turingca/index.php/Home/User/index/$uid/16.html
INFO: [ app_init ] --START--
INFO: Run Behavior\BuildLiteBehavior [ RunTime:0.000023s ]
INFO: [ app_init ] --END-- [ RunTime:0.000367s ]
INFO: [ app_begin ] --START--
INFO: Run Behavior\ReadHtmlCacheBehavior [ RunTime:0.000428s ]
INFO: [ app_begin ] --END-- [ RunTime:0.000537s ]
INFO: [ app_end ] --START--
INFO: Run Behavior\ShowPageTraceBehavior [ RunTime:0.000487s ]
INFO: [ app_end ] --END-- [ RunTime:0.000592s ]

[ 2015-07-15T20:53:59+08:00 ] ::1 /turingca/index.php
INFO: [ app_init ] --START--
INFO: Run Behavior\BuildLiteBehavior [ RunTime:0.000023s ]
INFO: [ app_init ] --END-- [ RunTime:0.000409s ]
INFO: [ app_begin ] --START--
INFO: Run Behavior\ReadHtmlCacheBehavior [ RunTime:0.000477s ]
INFO: [ app_begin ] --END-- [ RunTime:0.000579s ]
NOTIC: [2] Missing argument 1 for replace_weibo(), called in D:\wamp\www\turingca\Application\Home\Controller\IndexController.class.php on line 7 and defined D:\wamp\www\turingca\Application\Home\Common\function.php 第 62 行.

[ 2015-07-15T20:54:00+08:00 ] ::1 /turingca/index.php/Home/User/%E4%BD%A0%E4%BD%A0
INFO: [ app_init ] --START--
INFO: Run Behavior\BuildLiteBehavior [ RunTime:0.000023s ]
INFO: [ app_init ] --END-- [ RunTime:0.000412s ]
INFO: [ app_begin ] --START--
INFO: Run Behavior\ReadHtmlCacheBehavior [ RunTime:0.000434s ]
INFO: [ app_begin ] --END-- [ RunTime:0.000535s ]
SQL: SHOW COLUMNS FROM `tca_userinfo` [ RunTime:0.0062s ]
SQL: SELECT `uid` FROM `tca_userinfo` WHERE `nickname` = '你你' LIMIT 1   [ RunTime:0.0002s ]

[ 2015-07-15T20:54:00+08:00 ] ::1 /turingca/index.php/Home/Index/index.html
INFO: [ app_init ] --START--
INFO: Run Behavior\BuildLiteBehavior [ RunTime:0.000020s ]
INFO: [ app_init ] --END-- [ RunTime:0.000418s ]
INFO: [ app_begin ] --START--
INFO: Run Behavior\ReadHtmlCacheBehavior [ RunTime:0.000469s ]
INFO: [ app_begin ] --END-- [ RunTime:0.000572s ]
NOTIC: [2] Missing argument 1 for replace_weibo(), called in D:\wamp\www\turingca\Application\Home\Controller\IndexController.class.php on line 7 and defined D:\wamp\www\turingca\Application\Home\Common\function.php 第 62 行.

[ 2015-07-15T20:54:02+08:00 ] ::1 /turingca/index.php
INFO: [ app_init ] --START--
INFO: Run Behavior\BuildLiteBehavior [ RunTime:0.000022s ]
INFO: [ app_init ] --END-- [ RunTime:0.000443s ]
INFO: [ app_begin ] --START--
INFO: Run Behavior\ReadHtmlCacheBehavior [ RunTime:0.000486s ]
INFO: [ app_begin ] --END-- [ RunTime:0.000591s ]
NOTIC: [2] Missing argument 1 for replace_weibo(), called in D:\wamp\www\turingca\Application\Home\Controller\IndexController.class.php on line 7 and defined D:\wamp\www\turingca\Application\Home\Common\function.php 第 62 行.

[ 2015-07-15T20:54:04+08:00 ] ::1 /turingca/index.php/Home/User/%E6%88%BF%E5%AE%81
INFO: [ app_init ] --START--
INFO: Run Behavior\BuildLiteBehavior [ RunTime:0.000024s ]
INFO: [ app_init ] --END-- [ RunTime:0.000400s ]
INFO: [ app_begin ] --START--
INFO: Run Behavior\ReadHtmlCacheBehavior [ RunTime:0.000418s ]
INFO: [ app_begin ] --END-- [ RunTime:0.000520s ]
SQL: SHOW COLUMNS FROM `tca_userinfo` [ RunTime:0.0065s ]
SQL: SELECT `uid` FROM `tca_userinfo` WHERE `nickname` = '房宁' LIMIT 1   [ RunTime:0.0003s ]

[ 2015-07-15T20:54:04+08:00 ] ::1 /turingca/index.php/Home/User/index/$uid/16.html
INFO: [ app_init ] --START--
INFO: Run Behavior\BuildLiteBehavior [ RunTime:0.000022s ]
INFO: [ app_init ] --END-- [ RunTime:0.000480s ]
INFO: [ app_begin ] --START--
INFO: Run Behavior\ReadHtmlCacheBehavior [ RunTime:0.000440s ]
INFO: [ app_begin ] --END-- [ RunTime:0.000539s ]
INFO: [ app_end ] --START--
INFO: Run Behavior\ShowPageTraceBehavior [ RunTime:0.000448s ]
INFO: [ app_end ] --END-- [ RunTime:0.000541s ]

[ 2015-07-15T20:54:07+08:00 ] ::1 /turingca/index.php
INFO: [ app_init ] --START--
INFO: Run Behavior\BuildLiteBehavior [ RunTime:0.000023s ]
INFO: [ app_init ] --END-- [ RunTime:0.000411s ]
INFO: [ app_begin ] --START--
INFO: Run Behavior\ReadHtmlCacheBehavior [ RunTime:0.000474s ]
INFO: [ app_begin ] --END-- [ RunTime:0.000576s ]
NOTIC: [2] Missing argument 1 for replace_weibo(), called in D:\wamp\www\turingca\Application\Home\Controller\IndexController.class.php on line 7 and defined D:\wamp\www\turingca\Application\Home\Common\function.php 第 62 行.

[ 2015-07-15T20:54:15+08:00 ] ::1 /turingca/index.php/Home/User/%E6%88%BF%E5%AE%81
INFO: [ app_init ] --START--
INFO: Run Behavior\BuildLiteBehavior [ RunTime:0.000025s ]
INFO: [ app_init ] --END-- [ RunTime:0.000389s ]
INFO: [ app_begin ] --START--
INFO: Run Behavior\ReadHtmlCacheBehavior [ RunTime:0.000519s ]
INFO: [ app_begin ] --END-- [ RunTime:0.000634s ]
SQL: SHOW COLUMNS FROM `tca_userinfo` [ RunTime:0.0066s ]
SQL: SELECT `uid` FROM `tca_userinfo` WHERE `nickname` = '房宁' LIMIT 1   [ RunTime:0.0003s ]

[ 2015-07-15T20:54:15+08:00 ] ::1 /turingca/index.php/Home/User/index/$uid/16.html
INFO: [ app_init ] --START--
INFO: Run Behavior\BuildLiteBehavior [ RunTime:0.000022s ]
INFO: [ app_init ] --END-- [ RunTime:0.000499s ]
INFO: [ app_begin ] --START--
INFO: Run Behavior\ReadHtmlCacheBehavior [ RunTime:0.000442s ]
INFO: [ app_begin ] --END-- [ RunTime:0.000550s ]
INFO: [ app_end ] --START--
INFO: Run Behavior\ShowPageTraceBehavior [ RunTime:0.000523s ]
INFO: [ app_end ] --END-- [ RunTime:0.000630s ]

[ 2015-07-15T20:54:25+08:00 ] ::1 /turingca/index.php
INFO: [ app_init ] --START--
INFO: Run Behavior\BuildLiteBehavior [ RunTime:0.000023s ]
INFO: [ app_init ] --END-- [ RunTime:0.000402s ]
INFO: [ app_begin ] --START--
INFO: Run Behavior\ReadHtmlCacheBehavior [ RunTime:0.000462s ]
INFO: [ app_begin ] --END-- [ RunTime:0.000569s ]
NOTIC: [2] Missing argument 1 for replace_weibo(), called in D:\wamp\www\turingca\Application\Home\Controller\IndexController.class.php on line 7 and defined D:\wamp\www\turingca\Application\Home\Common\function.php 第 62 行.

[ 2015-07-15T20:54:49+08:00 ] ::1 /turingca/index.php/Home/User/%E6%88%BF%E6%95%AC%E8%B6%85
INFO: [ app_init ] --START--
INFO: Run Behavior\BuildLiteBehavior [ RunTime:0.000023s ]
INFO: [ app_init ] --END-- [ RunTime:0.000517s ]
INFO: [ app_begin ] --START--
INFO: Run Behavior\ReadHtmlCacheBehavior [ RunTime:0.000413s ]
INFO: [ app_begin ] --END-- [ RunTime:0.000517s ]
SQL: SHOW COLUMNS FROM `tca_userinfo` [ RunTime:0.0101s ]
SQL: SELECT `uid` FROM `tca_userinfo` WHERE `nickname` = '房敬超' LIMIT 1   [ RunTime:0.0002s ]

[ 2015-07-15T20:54:49+08:00 ] ::1 /turingca/index.php/Home/Index/index.html
INFO: [ app_init ] --START--
INFO: Run Behavior\BuildLiteBehavior [ RunTime:0.000031s ]
INFO: [ app_init ] --END-- [ RunTime:0.000434s ]
INFO: [ app_begin ] --START--
INFO: Run Behavior\ReadHtmlCacheBehavior [ RunTime:0.000417s ]
INFO: [ app_begin ] --END-- [ RunTime:0.000511s ]
NOTIC: [2] Missing argument 1 for replace_weibo(), called in D:\wamp\www\turingca\Application\Home\Controller\IndexController.class.php on line 7 and defined D:\wamp\www\turingca\Application\Home\Common\function.php 第 62 行.

[ 2015-07-15T20:54:53+08:00 ] ::1 /turingca/index.php/Home/User/%E6%88%BF%E5%AE%81
INFO: [ app_init ] --START--
INFO: Run Behavior\BuildLiteBehavior [ RunTime:0.000021s ]
INFO: [ app_init ] --END-- [ RunTime:0.000420s ]
INFO: [ app_begin ] --START--
INFO: Run Behavior\ReadHtmlCacheBehavior [ RunTime:0.000381s ]
INFO: [ app_begin ] --END-- [ RunTime:0.000479s ]
SQL: SHOW COLUMNS FROM `tca_userinfo` [ RunTime:0.0067s ]
SQL: SELECT `uid` FROM `tca_userinfo` WHERE `nickname` = '房宁' LIMIT 1   [ RunTime:0.0002s ]

[ 2015-07-15T20:54:53+08:00 ] ::1 /turingca/index.php/Home/User/index/$uid/16.html
INFO: [ app_init ] --START--
INFO: Run Behavior\BuildLiteBehavior [ RunTime:0.000021s ]
INFO: [ app_init ] --END-- [ RunTime:0.000432s ]
INFO: [ app_begin ] --START--
INFO: Run Behavior\ReadHtmlCacheBehavior [ RunTime:0.000456s ]
INFO: [ app_begin ] --END-- [ RunTime:0.000548s ]
INFO: [ app_end ] --START--
INFO: Run Behavior\ShowPageTraceBehavior [ RunTime:0.000438s ]
INFO: [ app_end ] --END-- [ RunTime:0.000532s ]

