[ 2015-07-16T09:16:36+08:00 ] ::1 /turingca/index.php/16.html
INFO: [ app_init ] --START--
INFO: Run Behavior\BuildLiteBehavior [ RunTime:0.000023s ]
INFO: [ app_init ] --END-- [ RunTime:0.000435s ]
ERR: 无法加载模块:16

[ 2015-07-16T09:16:39+08:00 ] ::1 /turingca/index.php/16
INFO: [ app_init ] --START--
INFO: Run Behavior\BuildLiteBehavior [ RunTime:0.000023s ]
INFO: [ app_init ] --END-- [ RunTime:0.000411s ]
ERR: 无法加载模块:16

[ 2015-07-16T09:16:46+08:00 ] ::1 /turingca/index.php/uid/16
INFO: [ app_init ] --START--
INFO: Run Behavior\BuildLiteBehavior [ RunTime:0.000023s ]
INFO: [ app_init ] --END-- [ RunTime:0.000409s ]
ERR: 无法加载模块:Uid

[ 2015-07-16T09:21:01+08:00 ] ::1 /turingca/index.php/$uid/16.html
INFO: [ app_init ] --START--
INFO: Run Behavior\BuildLiteBehavior [ RunTime:0.000024s ]
INFO: [ app_init ] --END-- [ RunTime:0.000389s ]
ERR: 无法加载模块:$uid

[ 2015-07-16T09:21:09+08:00 ] ::1 /turingca/index.php/16
INFO: [ app_init ] --START--
INFO: Run Behavior\BuildLiteBehavior [ RunTime:0.000038s ]
INFO: [ app_init ] --END-- [ RunTime:0.000449s ]
ERR: 无法加载模块:16

[ 2015-07-16T09:21:37+08:00 ] ::1 /turingca/index.php/16
INFO: [ app_init ] --START--
INFO: Run Behavior\BuildLiteBehavior [ RunTime:0.000034s ]
INFO: [ app_init ] --END-- [ RunTime:0.000664s ]
ERR: 无法加载模块:16

[ 2015-07-16T09:21:39+08:00 ] ::1 /turingca/index.php/16
INFO: [ app_init ] --START--
INFO: Run Behavior\BuildLiteBehavior [ RunTime:0.000030s ]
INFO: [ app_init ] --END-- [ RunTime:0.000422s ]
ERR: 无法加载模块:16

[ 2015-07-16T09:21:53+08:00 ] ::1 /turingca/index.php/uid/16.html
INFO: [ app_init ] --START--
INFO: Run Behavior\BuildLiteBehavior [ RunTime:0.000022s ]
INFO: [ app_init ] --END-- [ RunTime:0.000410s ]
ERR: 无法加载模块:Uid

[ 2015-07-16T09:22:43+08:00 ] ::1 /turingca/index.php/16.html
INFO: [ app_init ] --START--
INFO: Run Behavior\BuildLiteBehavior [ RunTime:0.000025s ]
INFO: [ app_init ] --END-- [ RunTime:0.000434s ]
ERR: 无法加载模块:16

[ 2015-07-16T09:22:46+08:00 ] ::1 /turingca/index.php/16
INFO: [ app_init ] --START--
INFO: Run Behavior\BuildLiteBehavior [ RunTime:0.000024s ]
INFO: [ app_init ] --END-- [ RunTime:0.000419s ]
ERR: 无法加载模块:16

[ 2015-07-16T09:22:50+08:00 ] ::1 /turingca/index.php/16
INFO: [ app_init ] --START--
INFO: Run Behavior\BuildLiteBehavior [ RunTime:0.000023s ]
INFO: [ app_init ] --END-- [ RunTime:0.000379s ]
ERR: 无法加载模块:16

[ 2015-07-16T09:23:25+08:00 ] ::1 /turingca/index.php/16.html
INFO: [ app_init ] --START--
INFO: Run Behavior\BuildLiteBehavior [ RunTime:0.000024s ]
INFO: [ app_init ] --END-- [ RunTime:0.000418s ]
ERR: 无法加载模块:16

[ 2015-07-16T09:23:28+08:00 ] ::1 /turingca/index.php/16
INFO: [ app_init ] --START--
INFO: Run Behavior\BuildLiteBehavior [ RunTime:0.000036s ]
INFO: [ app_init ] --END-- [ RunTime:0.000437s ]
ERR: 无法加载模块:16

[ 2015-07-16T09:24:43+08:00 ] ::1 /turingca/index.php/16
INFO: [ app_init ] --START--
INFO: Run Behavior\BuildLiteBehavior [ RunTime:0.000027s ]
INFO: [ app_init ] --END-- [ RunTime:0.000474s ]
ERR: 无法加载模块:16

[ 2015-07-16T09:24:46+08:00 ] ::1 /turingca/index.php/16
INFO: [ app_init ] --START--
INFO: Run Behavior\BuildLiteBehavior [ RunTime:0.000023s ]
INFO: [ app_init ] --END-- [ RunTime:0.000411s ]
ERR: 无法加载模块:16

[ 2015-07-16T09:25:37+08:00 ] ::1 /turingca/index.php/16.html
INFO: [ app_init ] --START--
INFO: Run Behavior\BuildLiteBehavior [ RunTime:0.000025s ]
INFO: [ app_init ] --END-- [ RunTime:0.000460s ]
ERR: 无法加载模块:16

[ 2015-07-16T09:26:41+08:00 ] ::1 /turingca/index.php/16.html
INFO: [ app_init ] --START--
INFO: Run Behavior\BuildLiteBehavior [ RunTime:0.000035s ]
INFO: [ app_init ] --END-- [ RunTime:0.000619s ]
ERR: 无法加载模块:16

[ 2015-07-16T09:26:43+08:00 ] ::1 /turingca/index.php/16.html
INFO: [ app_init ] --START--
INFO: Run Behavior\BuildLiteBehavior [ RunTime:0.000023s ]
INFO: [ app_init ] --END-- [ RunTime:0.000429s ]
ERR: 无法加载模块:16

[ 2015-07-16T09:26:46+08:00 ] ::1 /turingca/index.php/16
INFO: [ app_init ] --START--
INFO: Run Behavior\BuildLiteBehavior [ RunTime:0.000022s ]
INFO: [ app_init ] --END-- [ RunTime:0.000384s ]
ERR: 无法加载模块:16

[ 2015-07-16T09:27:01+08:00 ] ::1 /turingca/index.php/16
INFO: [ app_init ] --START--
INFO: Run Behavior\BuildLiteBehavior [ RunTime:0.000023s ]
INFO: [ app_init ] --END-- [ RunTime:0.000381s ]
ERR: 无法加载模块:16

[ 2015-07-16T09:27:18+08:00 ] ::1 /turingca/index.php/16
INFO: [ app_init ] --START--
INFO: Run Behavior\BuildLiteBehavior [ RunTime:0.000041s ]
INFO: [ app_init ] --END-- [ RunTime:0.000787s ]
ERR: 无法加载模块:16

[ 2015-07-16T09:27:20+08:00 ] ::1 /turingca/index.php/16
INFO: [ app_init ] --START--
INFO: Run Behavior\BuildLiteBehavior [ RunTime:0.000023s ]
INFO: [ app_init ] --END-- [ RunTime:0.000463s ]
ERR: 无法加载模块:16

[ 2015-07-16T09:44:06+08:00 ] ::1 /turingca/index.php/16
INFO: [ app_init ] --START--
INFO: Run Behavior\BuildLiteBehavior [ RunTime:0.000023s ]
INFO: [ app_init ] --END-- [ RunTime:0.000442s ]
ERR: 无法加载模块:16

[ 2015-07-16T09:44:32+08:00 ] ::1 /turingca/index.php/16
INFO: [ app_init ] --START--
INFO: Run Behavior\BuildLiteBehavior [ RunTime:0.000024s ]
INFO: [ app_init ] --END-- [ RunTime:0.000383s ]
ERR: 无法加载模块:16

[ 2015-07-16T10:17:10+08:00 ] ::1 /turingca/index.php/fangning
ERR: 无法加载模块:Fangning

[ 2015-07-16T10:17:19+08:00 ] ::1 /turingca/index.php/%E6%96%B9%E5%AE%81
ERR: 无法加载模块:方宁

[ 2015-07-16T10:17:41+08:00 ] ::1 /turingca/index.php/%E6%96%B9%E5%AE%81
ERR: 无法加载模块:方宁

[ 2015-07-16T10:17:49+08:00 ] ::1 /turingca/index.php/%E2%80%9C1111%E2%80%9D
ERR: 无法加载模块:“1111”

[ 2015-07-16T10:18:06+08:00 ] ::1 /turingca/index.php/%E2%80%981111%E2%80%99
ERR: 无法加载模块:‘1111’

[ 2015-07-16T10:18:19+08:00 ] ::1 /turingca/index.php/%3Cp%3E111%3C/p%3E
ERR: 无法加载模块:111

[ 2015-07-16T10:18:31+08:00 ] ::1 /turingca/index.php/%3C%3E111%3C/%3E
ERR: 无法加载模块:111

